<?xml version="1.0" encoding="UTF-8"?>
<testng-results ignored="0" total="1" passed="1" failed="0" skipped="0">
  <reporter-output>
  </reporter-output>
  <suite started-at="2024-01-14T23:11:33 NZDT" name="Default suite" finished-at="2024-01-14T23:11:33 NZDT" duration-ms="395">
    <groups>
    </groups>
    <test started-at="2024-01-14T23:11:33 NZDT" name="Default test" finished-at="2024-01-14T23:11:33 NZDT" duration-ms="395">
      <class name="Day7_Auth.Fakerdatagenerator">
        <test-method signature="testgeneratedummydata()[pri:1, instance:Day7_Auth.Fakerdatagenerator@72d1ad2e]" started-at="2024-01-14T23:11:33 NZDT" name="testgeneratedummydata" finished-at="2024-01-14T23:11:33 NZDT" duration-ms="327" status="PASS">
          <reporter-output>
          </reporter-output>
        </test-method> <!-- testgeneratedummydata -->
      </class> <!-- Day7_Auth.Fakerdatagenerator -->
    </test> <!-- Default test -->
  </suite> <!-- Default suite -->
</testng-results>
